#
# There is insufficient memory for the Java Runtime Environment to continue.
# Native memory allocation (malloc) failed to allocate 32744 bytes for ChunkPool::allocate
# Possible reasons:
#   The system is out of physical RAM or swap space
#   The process is running with CompressedOops enabled, and the Java Heap may be blocking the growth of the native heap
# Possible solutions:
#   Reduce memory load on the system
#   Increase physical memory or swap space
#   Check if swap backing store is full
#   Decrease Java heap size (-Xmx/-Xms)
#   Decrease number of Java threads
#   Decrease Java thread stack sizes (-Xss)
#   Set larger code cache with -XX:ReservedCodeCacheSize=
#   JVM is running with Unscaled Compressed Oops mode in which the Java heap is
#     placed in the first 4GB address space. The Java Heap base address is the
#     maximum limit for the native heap growth. Please use -XX:HeapBaseMinAddress
#     to set the Java Heap base and to place the Java Heap above 4GB virtual address.
# This output file may be truncated or incomplete.
#
#  Out of Memory Error (t:/workspace/open/src/hotspot/share/memory/arena.cpp:80), pid=11868, tid=9296
#
# JRE version: Java(TM) SE Runtime Environment (13.0.1+9) (build 13.0.1+9)
# Java VM: Java HotSpot(TM) 64-Bit Server VM (13.0.1+9, mixed mode, sharing, tiered, compressed oops, g1 gc, windows-amd64)
# No core dump will be written. Minidumps are not enabled by default on client versions of Windows
#

---------------  S U M M A R Y ------------

Command Line: C:\Users\Ajeng\Documents\NetBeansProjects\TugasAkhir\dist\GUI.jar

Host: Intel(R) Core(TM) i5 CPU       M 540  @ 2.53GHz, 4 cores, 5G,  Windows 10 , 64 bit Build 18362 (10.0.18362.329)
Time: Sun Nov  3 20:58:32 2019 SE Asia Standard Time elapsed time: 17 seconds (0d 0h 0m 17s)

---------------  T H R E A D  ---------------

Current thread (0x0000017c4adeb800):  JavaThread "C2 CompilerThread0" daemon [_thread_in_native, id=9296, stack(0x0000006de1d00000,0x0000006de1e00000)]


Current CompileTask:
C2:  17714 1385   !   4       sun.awt.image.PNGImageDecoder::produceImage (1917 bytes)

Stack: [0x0000006de1d00000,0x0000006de1e00000]
Native frames: (J=compiled Java code, j=interpreted, Vv=VM code, C=native code)
V  [jvm.dll+0x626eca]
V  [jvm.dll+0x772c6a]
V  [jvm.dll+0x77441f]
V  [jvm.dll+0x774a23]
V  [jvm.dll+0x24da58]
V  [jvm.dll+0xc3d16]
V  [jvm.dll+0xc406c]
V  [jvm.dll+0xc3bcd]
V  [jvm.dll+0x6094df]
V  [jvm.dll+0x658a4d]
V  [jvm.dll+0x1a10cc]
V  [jvm.dll+0x2079d6]
V  [jvm.dll+0x206adf]
V  [jvm.dll+0x18b94c]
V  [jvm.dll+0x2159bd]
V  [jvm.dll+0x213e6b]
V  [jvm.dll+0x738b16]
V  [jvm.dll+0x731c0a]
V  [jvm.dll+0x6260c6]
C  [ucrtbase.dll+0x20e72]
C  [KERNEL32.DLL+0x17bd4]
C  [ntdll.dll+0x6ced1]


---------------  P R O C E S S  ---------------

Threads class SMR info:
_java_thread_list=0x0000017c4be05490, length=16, elements={
0x0000017c4adcd000, 0x0000017c4add2000, 0x0000017c4ade9000, 0x0000017c4adeb000,
0x0000017c4adeb800, 0x0000017c4ae25800, 0x0000017c4b770800, 0x0000017c4b826000,
0x0000017c4b82e000, 0x0000017c4ba7d000, 0x0000017c4ba83000, 0x0000017c4baef800,
0x0000017c4bad3000, 0x0000017c2dbe9000, 0x0000017c4bb4b800, 0x0000017c4be9c000
}

Java Threads: ( => current thread )
  0x0000017c4adcd000 JavaThread "Reference Handler" daemon [_thread_blocked, id=5940, stack(0x0000006de1900000,0x0000006de1a00000)]
  0x0000017c4add2000 JavaThread "Finalizer" daemon [_thread_blocked, id=10228, stack(0x0000006de1a00000,0x0000006de1b00000)]
  0x0000017c4ade9000 JavaThread "Signal Dispatcher" daemon [_thread_blocked, id=7076, stack(0x0000006de1b00000,0x0000006de1c00000)]
  0x0000017c4adeb000 JavaThread "Attach Listener" daemon [_thread_blocked, id=5644, stack(0x0000006de1c00000,0x0000006de1d00000)]
=>0x0000017c4adeb800 JavaThread "C2 CompilerThread0" daemon [_thread_in_native, id=9296, stack(0x0000006de1d00000,0x0000006de1e00000)]
  0x0000017c4ae25800 JavaThread "C1 CompilerThread0" daemon [_thread_in_native, id=4352, stack(0x0000006de1e00000,0x0000006de1f00000)]
  0x0000017c4b770800 JavaThread "Sweeper thread" daemon [_thread_blocked, id=9768, stack(0x0000006de1f00000,0x0000006de2000000)]
  0x0000017c4b826000 JavaThread "Service Thread" daemon [_thread_blocked, id=1296, stack(0x0000006de2000000,0x0000006de2100000)]
  0x0000017c4b82e000 JavaThread "Common-Cleaner" daemon [_thread_blocked, id=10108, stack(0x0000006de2200000,0x0000006de2300000)]
  0x0000017c4ba7d000 JavaThread "Java2D Disposer" daemon [_thread_blocked, id=3292, stack(0x0000006de2300000,0x0000006de2400000)]
  0x0000017c4ba83000 JavaThread "AWT-Windows" daemon [_thread_in_native, id=6832, stack(0x0000006de2500000,0x0000006de2600000)]
  0x0000017c4baef800 JavaThread "AWT-Shutdown" [_thread_blocked, id=11704, stack(0x0000006de2400000,0x0000006de2500000)]
  0x0000017c4bad3000 JavaThread "AWT-EventQueue-0" [_thread_blocked, id=4668, stack(0x0000006de2600000,0x0000006de2700000)]
  0x0000017c2dbe9000 JavaThread "DestroyJavaVM" [_thread_blocked, id=12240, stack(0x0000006de1200000,0x0000006de1300000)]
  0x0000017c4bb4b800 JavaThread "Image Fetcher 0" daemon [_thread_blocked, id=11380, stack(0x0000006de2700000,0x0000006de2800000)]
  0x0000017c4be9c000 JavaThread "TimerQueue" daemon [_thread_blocked, id=11688, stack(0x0000006de2800000,0x0000006de2900000)]

Other Threads:
  0x0000017c4adca800 VMThread "VM Thread" [stack: 0x0000006de1800000,0x0000006de1900000] [id=12224]
  0x0000017c4b82d800 WatcherThread [stack: 0x0000006de2100000,0x0000006de2200000] [id=8712]
  0x0000017c2dc23800 GCTaskThread "GC Thread#0" [stack: 0x0000006de1300000,0x0000006de1400000] [id=1316]
  0x0000017c2dc31800 ConcurrentGCThread "G1 Main Marker" [stack: 0x0000006de1400000,0x0000006de1500000] [id=4276]
  0x0000017c2dc32800 ConcurrentGCThread "G1 Conc#0" [stack: 0x0000006de1500000,0x0000006de1600000] [id=8940]
  0x0000017c2dca9800 ConcurrentGCThread "G1 Refine#0" [stack: 0x0000006de1600000,0x0000006de1700000] [id=11968]
  0x0000017c2dcad800 ConcurrentGCThread "G1 Young RemSet Sampling" [stack: 0x0000006de1700000,0x0000006de1800000] [id=8472]

Threads with active compile tasks:
C2 CompilerThread0    18156 1385   !   4       sun.awt.image.PNGImageDecoder::produceImage (1917 bytes)
C1 CompilerThread0    18156 1393       3       java.awt.LightweightDispatcher::trackMouseEnterExit (111 bytes)

VM state:not at safepoint (normal execution)

VM Mutex/Monitor currently owned by a thread: None

Heap address: 0x00000000a3400000, size: 1484 MB, Compressed Oops mode: 32-bit
Narrow klass base: 0x0000000800000000, Narrow klass shift: 3
Compressed class space size: 1073741824 Address: 0x0000000800b40000

Heap:
 garbage-first heap   total 96256K, used 33792K [0x00000000a3400000, 0x0000000100000000)
  region size 1024K, 14 young (14336K), 0 survivors (0K)
 Metaspace       used 10820K, capacity 11071K, committed 11392K, reserved 1058816K
  class space    used 1223K, capacity 1333K, committed 1408K, reserved 1048576K
Heap Regions: E=young(eden), S=young(survivor), O=old, HS=humongous(starts), HC=humongous(continues), CS=collection set, F=free, A=archive, TAMS=top-at-mark-start (previous, next)
|   0|0x00000000a3400000, 0x00000000a3500000, 0x00000000a3500000|100%|HS|  |TAMS 0x00000000a3400000, 0x00000000a3400000| Complete 
|   1|0x00000000a3500000, 0x00000000a3600000, 0x00000000a3600000|100%|HC|  |TAMS 0x00000000a3500000, 0x00000000a3500000| Complete 
|   2|0x00000000a3600000, 0x00000000a3700000, 0x00000000a3700000|100%|HS|  |TAMS 0x00000000a3600000, 0x00000000a3600000| Complete 
|   3|0x00000000a3700000, 0x00000000a3800000, 0x00000000a3800000|100%|HC|  |TAMS 0x00000000a3700000, 0x00000000a3700000| Complete 
|   4|0x00000000a3800000, 0x00000000a3900000, 0x00000000a3900000|100%|HS|  |TAMS 0x00000000a3800000, 0x00000000a3800000| Complete 
|   5|0x00000000a3900000, 0x00000000a3a00000, 0x00000000a3a00000|100%|HC|  |TAMS 0x00000000a3900000, 0x00000000a3900000| Complete 
|   6|0x00000000a3a00000, 0x00000000a3b00000, 0x00000000a3b00000|100%|HS|  |TAMS 0x00000000a3a00000, 0x00000000a3a00000| Complete 
|   7|0x00000000a3b00000, 0x00000000a3c00000, 0x00000000a3c00000|100%|HC|  |TAMS 0x00000000a3b00000, 0x00000000a3b00000| Complete 
|   8|0x00000000a3c00000, 0x00000000a3d00000, 0x00000000a3d00000|100%|HS|  |TAMS 0x00000000a3c00000, 0x00000000a3c00000| Complete 
|   9|0x00000000a3d00000, 0x00000000a3e00000, 0x00000000a3e00000|100%|HC|  |TAMS 0x00000000a3d00000, 0x00000000a3d00000| Complete 
|  10|0x00000000a3e00000, 0x00000000a3f00000, 0x00000000a3f00000|100%|HS|  |TAMS 0x00000000a3e00000, 0x00000000a3e00000| Complete 
|  11|0x00000000a3f00000, 0x00000000a4000000, 0x00000000a4000000|100%|HC|  |TAMS 0x00000000a3f00000, 0x00000000a3f00000| Complete 
|  12|0x00000000a4000000, 0x00000000a4100000, 0x00000000a4100000|100%|HS|  |TAMS 0x00000000a4000000, 0x00000000a4000000| Complete 
|  13|0x00000000a4100000, 0x00000000a4200000, 0x00000000a4200000|100%|HC|  |TAMS 0x00000000a4100000, 0x00000000a4100000| Complete 
|  14|0x00000000a4200000, 0x00000000a4300000, 0x00000000a4300000|100%|HS|  |TAMS 0x00000000a4200000, 0x00000000a4200000| Complete 
|  15|0x00000000a4300000, 0x00000000a4400000, 0x00000000a4400000|100%|HC|  |TAMS 0x00000000a4300000, 0x00000000a4300000| Complete 
|  16|0x00000000a4400000, 0x00000000a4500000, 0x00000000a4500000|100%|HS|  |TAMS 0x00000000a4400000, 0x00000000a4400000| Complete 
|  17|0x00000000a4500000, 0x00000000a4600000, 0x00000000a4600000|100%|HC|  |TAMS 0x00000000a4500000, 0x00000000a4500000| Complete 
|  18|0x00000000a4600000, 0x00000000a4700000, 0x00000000a4700000|100%|HS|  |TAMS 0x00000000a4600000, 0x00000000a4600000| Complete 
|  19|0x00000000a4700000, 0x00000000a4800000, 0x00000000a4800000|100%|HC|  |TAMS 0x00000000a4700000, 0x00000000a4700000| Complete 
|  20|0x00000000a4800000, 0x00000000a4800000, 0x00000000a4900000|  0%| F|  |TAMS 0x00000000a4800000, 0x00000000a4800000| Untracked 
|  21|0x00000000a4900000, 0x00000000a4900000, 0x00000000a4a00000|  0%| F|  |TAMS 0x00000000a4900000, 0x00000000a4900000| Untracked 
|  22|0x00000000a4a00000, 0x00000000a4a00000, 0x00000000a4b00000|  0%| F|  |TAMS 0x00000000a4a00000, 0x00000000a4a00000| Untracked 
|  23|0x00000000a4b00000, 0x00000000a4b00000, 0x00000000a4c00000|  0%| F|  |TAMS 0x00000000a4b00000, 0x00000000a4b00000| Untracked 
|  24|0x00000000a4c00000, 0x00000000a4c00000, 0x00000000a4d00000|  0%| F|  |TAMS 0x00000000a4c00000, 0x00000000a4c00000| Untracked 
|  25|0x00000000a4d00000, 0x00000000a4d00000, 0x00000000a4e00000|  0%| F|  |TAMS 0x00000000a4d00000, 0x00000000a4d00000| Untracked 
|  26|0x00000000a4e00000, 0x00000000a4e00000, 0x00000000a4f00000|  0%| F|  |TAMS 0x00000000a4e00000, 0x00000000a4e00000| Untracked 
|  27|0x00000000a4f00000, 0x00000000a4f00000, 0x00000000a5000000|  0%| F|  |TAMS 0x00000000a4f00000, 0x00000000a4f00000| Untracked 
|  28|0x00000000a5000000, 0x00000000a5000000, 0x00000000a5100000|  0%| F|  |TAMS 0x00000000a5000000, 0x00000000a5000000| Untracked 
|  29|0x00000000a5100000, 0x00000000a5100000, 0x00000000a5200000|  0%| F|  |TAMS 0x00000000a5100000, 0x00000000a5100000| Untracked 
|  30|0x00000000a5200000, 0x00000000a5200000, 0x00000000a5300000|  0%| F|  |TAMS 0x00000000a5200000, 0x00000000a5200000| Untracked 
|  31|0x00000000a5300000, 0x00000000a5300000, 0x00000000a5400000|  0%| F|  |TAMS 0x00000000a5300000, 0x00000000a5300000| Untracked 
|  32|0x00000000a5400000, 0x00000000a5400000, 0x00000000a5500000|  0%| F|  |TAMS 0x00000000a5400000, 0x00000000a5400000| Untracked 
|  33|0x00000000a5500000, 0x00000000a5500000, 0x00000000a5600000|  0%| F|  |TAMS 0x00000000a5500000, 0x00000000a5500000| Untracked 
|  34|0x00000000a5600000, 0x00000000a5600000, 0x00000000a5700000|  0%| F|  |TAMS 0x00000000a5600000, 0x00000000a5600000| Untracked 
|  35|0x00000000a5700000, 0x00000000a5700000, 0x00000000a5800000|  0%| F|  |TAMS 0x00000000a5700000, 0x00000000a5700000| Untracked 
|  36|0x00000000a5800000, 0x00000000a5800000, 0x00000000a5900000|  0%| F|  |TAMS 0x00000000a5800000, 0x00000000a5800000| Untracked 
|  37|0x00000000a5900000, 0x00000000a5900000, 0x00000000a5a00000|  0%| F|  |TAMS 0x00000000a5900000, 0x00000000a5900000| Untracked 
|  38|0x00000000a5a00000, 0x00000000a5a00000, 0x00000000a5b00000|  0%| F|  |TAMS 0x00000000a5a00000, 0x00000000a5a00000| Untracked 
|  39|0x00000000a5b00000, 0x00000000a5b00000, 0x00000000a5c00000|  0%| F|  |TAMS 0x00000000a5b00000, 0x00000000a5b00000| Untracked 
|  40|0x00000000a5c00000, 0x00000000a5c00000, 0x00000000a5d00000|  0%| F|  |TAMS 0x00000000a5c00000, 0x00000000a5c00000| Untracked 
|  41|0x00000000a5d00000, 0x00000000a5d00000, 0x00000000a5e00000|  0%| F|  |TAMS 0x00000000a5d00000, 0x00000000a5d00000| Untracked 
|  42|0x00000000a5e00000, 0x00000000a5e00000, 0x00000000a5f00000|  0%| F|  |TAMS 0x00000000a5e00000, 0x00000000a5e00000| Untracked 
|  43|0x00000000a5f00000, 0x00000000a5f00000, 0x00000000a6000000|  0%| F|  |TAMS 0x00000000a5f00000, 0x00000000a5f00000| Untracked 
|  44|0x00000000a6000000, 0x00000000a6000000, 0x00000000a6100000|  0%| F|  |TAMS 0x00000000a6000000, 0x00000000a6000000| Untracked 
|  45|0x00000000a6100000, 0x00000000a6100000, 0x00000000a6200000|  0%| F|  |TAMS 0x00000000a6100000, 0x00000000a6100000| Untracked 
|  46|0x00000000a6200000, 0x00000000a6200000, 0x00000000a6300000|  0%| F|  |TAMS 0x00000000a6200000, 0x00000000a6200000| Untracked 
|  47|0x00000000a6300000, 0x00000000a6300000, 0x00000000a6400000|  0%| F|  |TAMS 0x00000000a6300000, 0x00000000a6300000| Untracked 
|  48|0x00000000a6400000, 0x00000000a6400000, 0x00000000a6500000|  0%| F|  |TAMS 0x00000000a6400000, 0x00000000a6400000| Untracked 
|  49|0x00000000a6500000, 0x00000000a6500000, 0x00000000a6600000|  0%| F|  |TAMS 0x00000000a6500000, 0x00000000a6500000| Untracked 
|  50|0x00000000a6600000, 0x00000000a6600000, 0x00000000a6700000|  0%| F|  |TAMS 0x00000000a6600000, 0x00000000a6600000| Untracked 
|  51|0x00000000a6700000, 0x00000000a6700000, 0x00000000a6800000|  0%| F|  |TAMS 0x00000000a6700000, 0x00000000a6700000| Untracked 
|  52|0x00000000a6800000, 0x00000000a6800000, 0x00000000a6900000|  0%| F|  |TAMS 0x00000000a6800000, 0x00000000a6800000| Untracked 
|  53|0x00000000a6900000, 0x00000000a6900000, 0x00000000a6a00000|  0%| F|  |TAMS 0x00000000a6900000, 0x00000000a6900000| Untracked 
|  54|0x00000000a6a00000, 0x00000000a6a00000, 0x00000000a6b00000|  0%| F|  |TAMS 0x00000000a6a00000, 0x00000000a6a00000| Untracked 
|  55|0x00000000a6b00000, 0x00000000a6b00000, 0x00000000a6c00000|  0%| F|  |TAMS 0x00000000a6b00000, 0x00000000a6b00000| Untracked 
|  56|0x00000000a6c00000, 0x00000000a6c00000, 0x00000000a6d00000|  0%| F|  |TAMS 0x00000000a6c00000, 0x00000000a6c00000| Untracked 
|  57|0x00000000a6d00000, 0x00000000a6d00000, 0x00000000a6e00000|  0%| F|  |TAMS 0x00000000a6d00000, 0x00000000a6d00000| Untracked 
|  58|0x00000000a6e00000, 0x00000000a6e00000, 0x00000000a6f00000|  0%| F|  |TAMS 0x00000000a6e00000, 0x00000000a6e00000| Untracked 
|  59|0x00000000a6f00000, 0x00000000a6f00000, 0x00000000a7000000|  0%| F|  |TAMS 0x00000000a6f00000, 0x00000000a6f00000| Untracked 
|  60|0x00000000a7000000, 0x00000000a7000000, 0x00000000a7100000|  0%| F|  |TAMS 0x00000000a7000000, 0x00000000a7000000| Untracked 
|  61|0x00000000a7100000, 0x00000000a7100000, 0x00000000a7200000|  0%| F|  |TAMS 0x00000000a7100000, 0x00000000a7100000| Untracked 
|  62|0x00000000a7200000, 0x00000000a7200000, 0x00000000a7300000|  0%| F|  |TAMS 0x00000000a7200000, 0x00000000a7200000| Untracked 
|  63|0x00000000a7300000, 0x00000000a7300000, 0x00000000a7400000|  0%| F|  |TAMS 0x00000000a7300000, 0x00000000a7300000| Untracked 
|  64|0x00000000a7400000, 0x00000000a7400000, 0x00000000a7500000|  0%| F|  |TAMS 0x00000000a7400000, 0x00000000a7400000| Untracked 
|  65|0x00000000a7500000, 0x00000000a7500000, 0x00000000a7600000|  0%| F|  |TAMS 0x00000000a7500000, 0x00000000a7500000| Untracked 
|  66|0x00000000a7600000, 0x00000000a7600000, 0x00000000a7700000|  0%| F|  |TAMS 0x00000000a7600000, 0x00000000a7600000| Untracked 
|  67|0x00000000a7700000, 0x00000000a7700000, 0x00000000a7800000|  0%| F|  |TAMS 0x00000000a7700000, 0x00000000a7700000| Untracked 
|  68|0x00000000a7800000, 0x00000000a7800000, 0x00000000a7900000|  0%| F|  |TAMS 0x00000000a7800000, 0x00000000a7800000| Untracked 
|  69|0x00000000a7900000, 0x00000000a7900000, 0x00000000a7a00000|  0%| F|  |TAMS 0x00000000a7900000, 0x00000000a7900000| Untracked 
|  70|0x00000000a7a00000, 0x00000000a7a00000, 0x00000000a7b00000|  0%| F|  |TAMS 0x00000000a7a00000, 0x00000000a7a00000| Untracked 
|  71|0x00000000a7b00000, 0x00000000a7b00000, 0x00000000a7c00000|  0%| F|  |TAMS 0x00000000a7b00000, 0x00000000a7b00000| Untracked 
|  72|0x00000000a7c00000, 0x00000000a7c00000, 0x00000000a7d00000|  0%| F|  |TAMS 0x00000000a7c00000, 0x00000000a7c00000| Untracked 
|  73|0x00000000a7d00000, 0x00000000a7d00000, 0x00000000a7e00000|  0%| F|  |TAMS 0x00000000a7d00000, 0x00000000a7d00000| Untracked 
|  74|0x00000000a7e00000, 0x00000000a7e00000, 0x00000000a7f00000|  0%| F|  |TAMS 0x00000000a7e00000, 0x00000000a7e00000| Untracked 
|  75|0x00000000a7f00000, 0x00000000a7f00000, 0x00000000a8000000|  0%| F|  |TAMS 0x00000000a7f00000, 0x00000000a7f00000| Untracked 
|  76|0x00000000a8000000, 0x00000000a8000000, 0x00000000a8100000|  0%| F|  |TAMS 0x00000000a8000000, 0x00000000a8000000| Untracked 
|  77|0x00000000a8100000, 0x00000000a8100000, 0x00000000a8200000|  0%| F|  |TAMS 0x00000000a8100000, 0x00000000a8100000| Untracked 
|  78|0x00000000a8200000, 0x00000000a8200000, 0x00000000a8300000|  0%| F|  |TAMS 0x00000000a8200000, 0x00000000a8200000| Untracked 
|  79|0x00000000a8300000, 0x00000000a8300000, 0x00000000a8400000|  0%| F|  |TAMS 0x00000000a8300000, 0x00000000a8300000| Untracked 
|  80|0x00000000a8400000, 0x00000000a8500000, 0x00000000a8500000|100%| E|  |TAMS 0x00000000a8400000, 0x00000000a8400000| Complete 
|  81|0x00000000a8500000, 0x00000000a8600000, 0x00000000a8600000|100%| E|CS|TAMS 0x00000000a8500000, 0x00000000a8500000| Complete 
|  82|0x00000000a8600000, 0x00000000a8700000, 0x00000000a8700000|100%| E|CS|TAMS 0x00000000a8600000, 0x00000000a8600000| Complete 
|  83|0x00000000a8700000, 0x00000000a8800000, 0x00000000a8800000|100%| E|CS|TAMS 0x00000000a8700000, 0x00000000a8700000| Complete 
|  84|0x00000000a8800000, 0x00000000a8900000, 0x00000000a8900000|100%| E|CS|TAMS 0x00000000a8800000, 0x00000000a8800000| Complete 
|  85|0x00000000a8900000, 0x00000000a8a00000, 0x00000000a8a00000|100%| E|CS|TAMS 0x00000000a8900000, 0x00000000a8900000| Complete 
|  86|0x00000000a8a00000, 0x00000000a8b00000, 0x00000000a8b00000|100%| E|CS|TAMS 0x00000000a8a00000, 0x00000000a8a00000| Complete 
|  87|0x00000000a8b00000, 0x00000000a8c00000, 0x00000000a8c00000|100%| E|CS|TAMS 0x00000000a8b00000, 0x00000000a8b00000| Complete 
|  88|0x00000000a8c00000, 0x00000000a8d00000, 0x00000000a8d00000|100%| E|CS|TAMS 0x00000000a8c00000, 0x00000000a8c00000| Complete 
|  89|0x00000000a8d00000, 0x00000000a8e00000, 0x00000000a8e00000|100%| E|CS|TAMS 0x00000000a8d00000, 0x00000000a8d00000| Complete 
|  90|0x00000000a8e00000, 0x00000000a8f00000, 0x00000000a8f00000|100%| E|CS|TAMS 0x00000000a8e00000, 0x00000000a8e00000| Complete 
|  91|0x00000000a8f00000, 0x00000000a9000000, 0x00000000a9000000|100%| E|CS|TAMS 0x00000000a8f00000, 0x00000000a8f00000| Complete 
|  92|0x00000000a9000000, 0x00000000a9100000, 0x00000000a9100000|100%| E|CS|TAMS 0x00000000a9000000, 0x00000000a9000000| Complete 
|  93|0x00000000a9100000, 0x00000000a9200000, 0x00000000a9200000|100%| E|CS|TAMS 0x00000000a9100000, 0x00000000a9100000| Complete 

Card table byte_map: [0x0000017c453d0000,0x0000017c456c0000] _byte_map_base: 0x0000017c44eb6000

Marking Bits (Prev, Next): (CMBitMap*) 0x0000017c2dc247a8, (CMBitMap*) 0x0000017c2dc247e8
 Prev Bits: [0x0000017c459b0000, 0x0000017c470e0000)
 Next Bits: [0x0000017c470e0000, 0x0000017c48810000)

Polling page: 0x0000017c2bb40000

Metaspace:

Usage:
  Non-class:      9.51 MB capacity,     9.37 MB ( 99%) used,   119.16 KB (  1%) free+waste,    21.19 KB ( <1%) overhead. 
      Class:      1.30 MB capacity,     1.19 MB ( 92%) used,    96.88 KB (  7%) free+waste,    12.81 KB ( <1%) overhead. 
       Both:     10.81 MB capacity,    10.57 MB ( 98%) used,   216.05 KB (  2%) free+waste,    34.00 KB ( <1%) overhead. 

Virtual space:
  Non-class space:       10.00 MB reserved,       9.75 MB ( 98%) committed 
      Class space:        1.00 GB reserved,       1.38 MB ( <1%) committed 
             Both:        1.01 GB reserved,      11.13 MB (  1%) committed 

Chunk freelists:
   Non-Class:  54.00 KB
       Class:  11.00 KB
        Both:  65.00 KB

MaxMetaspaceSize: 17179869184.00 GB
CompressedClassSpaceSize: 1.00 GB

CodeHeap 'non-profiled nmethods': size=120064Kb used=427Kb max_used=427Kb free=119636Kb
 bounds [0x0000017c3dba0000, 0x0000017c3de10000, 0x0000017c450e0000]
CodeHeap 'profiled nmethods': size=120000Kb used=2932Kb max_used=2932Kb free=117067Kb
 bounds [0x0000017c36670000, 0x0000017c36950000, 0x0000017c3dba0000]
CodeHeap 'non-nmethods': size=5696Kb used=1326Kb max_used=1343Kb free=4369Kb
 bounds [0x0000017c360e0000, 0x0000017c36350000, 0x0000017c36670000]
 total_blobs=2486 nmethods=1390 adapters=535
 compilation: enabled
              stopped_count=0, restarted_count=0
 full_count=0

Compilation events (20 events):
Event: 16.156 Thread 0x0000017c4ae25800 nmethod 1381 0x0000017c36949f10 code [0x0000017c3694a0c0, 0x0000017c3694a298]
Event: 16.156 Thread 0x0000017c4ae25800 1382       3       jdk.internal.jimage.BasicImageReader::getAttributes (49 bytes)
Event: 16.157 Thread 0x0000017c4ae25800 nmethod 1382 0x0000017c3694a390 code [0x0000017c3694a5a0, 0x0000017c3694ad10]
Event: 16.157 Thread 0x0000017c4ae25800 1383       3       jdk.internal.jimage.ImageLocation::verify (50 bytes)
Event: 16.157 Thread 0x0000017c4adeb800 1384       4       java.lang.AbstractStringBuilder::ensureCapacityInternal (39 bytes)
Event: 16.157 Thread 0x0000017c4ae25800 nmethod 1383 0x0000017c3694af10 code [0x0000017c3694b140, 0x0000017c3694b930]
Event: 16.162 Thread 0x0000017c4adeb800 nmethod 1384 0x0000017c3dc09b10 code [0x0000017c3dc09ca0, 0x0000017c3dc0a108]
Event: 16.456 Thread 0x0000017c4adeb800 1385   !   4       sun.awt.image.PNGImageDecoder::produceImage (1917 bytes)
Event: 16.461 Thread 0x0000017c4ae25800 1386   !   3       java.util.zip.Inflater::needsInput (55 bytes)
Event: 16.461 Thread 0x0000017c4ae25800 nmethod 1386 0x0000017c3694bc90 code [0x0000017c3694be60, 0x0000017c3694c378]
Event: 16.495 Thread 0x0000017c4ae25800 1388       1       java.awt.Component::isMaximumSizeSet (5 bytes)
Event: 16.496 Thread 0x0000017c4ae25800 nmethod 1388 0x0000017c3dc0a290 code [0x0000017c3dc0a420, 0x0000017c3dc0a558]
Event: 16.508 Thread 0x0000017c4ae25800 1389       3       java.awt.Toolkit::enabledOnToolkit (16 bytes)
Event: 16.509 Thread 0x0000017c4ae25800 nmethod 1389 0x0000017c3694c490 code [0x0000017c3694c640, 0x0000017c3694c7f8]
Event: 16.509 Thread 0x0000017c4ae25800 1390       1       java.awt.Window::getContainer (2 bytes)
Event: 16.509 Thread 0x0000017c4ae25800 nmethod 1390 0x0000017c3dc0a610 code [0x0000017c3dc0a7a0, 0x0000017c3dc0a8d8]
Event: 16.515 Thread 0x0000017c4ae25800 1391       3       sun.java2d.SunGraphics2D::getClip (9 bytes)
Event: 16.515 Thread 0x0000017c4ae25800 nmethod 1391 0x0000017c3694c890 code [0x0000017c3694ca40, 0x0000017c3694cbf0]
Event: 16.515 Thread 0x0000017c4ae25800 1392   !   3       sun.java2d.SunGraphics2D::untransformShape (44 bytes)
Event: 16.516 Thread 0x0000017c4ae25800 nmethod 1392 0x0000017c3694cc90 code [0x0000017c3694ce60, 0x0000017c3694d170]

GC Heap History (0 events):
No events

Deoptimization events (20 events):
Event: 10.567 Thread 0x0000017c4bad3000 DEOPT PACKING pc=0x0000017c3dbe7e48 sp=0x0000006de26fc700
Event: 10.567 Thread 0x0000017c4bad3000 DEOPT UNPACKING pc=0x0000017c36129429 sp=0x0000006de26fc688 mode 2
Event: 12.366 Thread 0x0000017c4bad3000 Uncommon trap: trap_request=0xffffff45 fr.pc=0x0000017c3dbf9314 relative=0x00000000000004b4
Event: 12.366 Thread 0x0000017c4bad3000 Uncommon trap: reason=unstable_if action=reinterpret pc=0x0000017c3dbf9314 method=java.lang.StringLatin1.toLowerCase(Ljava/lang/String;[BLjava/util/Locale;)Ljava/lang/String; @ 40 c2
Event: 12.366 Thread 0x0000017c4bad3000 DEOPT PACKING pc=0x0000017c3dbf9314 sp=0x0000006de26fd1a0
Event: 12.366 Thread 0x0000017c4bad3000 DEOPT UNPACKING pc=0x0000017c36129429 sp=0x0000006de26fd110 mode 2
Event: 13.601 Thread 0x0000017c4bad3000 DEOPT PACKING pc=0x0000017c3684d62b sp=0x0000006de26fca70
Event: 13.601 Thread 0x0000017c4bad3000 DEOPT UNPACKING pc=0x0000017c3612993f sp=0x0000006de26fbe20 mode 0
Event: 13.602 Thread 0x0000017c4bad3000 DEOPT PACKING pc=0x0000017c3685229a sp=0x0000006de26fc770
Event: 13.602 Thread 0x0000017c4bad3000 DEOPT UNPACKING pc=0x0000017c3612993f sp=0x0000006de26fbbf8 mode 0
Event: 13.608 Thread 0x0000017c4bad3000 DEOPT PACKING pc=0x0000017c3685229a sp=0x0000006de26fc5f0
Event: 13.608 Thread 0x0000017c4bad3000 DEOPT UNPACKING pc=0x0000017c3612993f sp=0x0000006de26fba78 mode 0
Event: 13.627 Thread 0x0000017c4bad3000 DEOPT PACKING pc=0x0000017c3685229a sp=0x0000006de26fd040
Event: 13.627 Thread 0x0000017c4bad3000 DEOPT UNPACKING pc=0x0000017c3612993f sp=0x0000006de26fc4c8 mode 0
Event: 13.643 Thread 0x0000017c4bad3000 DEOPT PACKING pc=0x0000017c3685229a sp=0x0000006de26fd040
Event: 13.643 Thread 0x0000017c4bad3000 DEOPT UNPACKING pc=0x0000017c3612993f sp=0x0000006de26fc4c8 mode 0
Event: 16.456 Thread 0x0000017c4bb4b800 DEOPT PACKING pc=0x0000017c36785aa5 sp=0x0000006de27ff250
Event: 16.456 Thread 0x0000017c4bb4b800 DEOPT UNPACKING pc=0x0000017c3612993f sp=0x0000006de27fe7e0 mode 0
Event: 16.486 Thread 0x0000017c4bb4b800 DEOPT PACKING pc=0x0000017c3679fa30 sp=0x0000006de27ff190
Event: 16.486 Thread 0x0000017c4bb4b800 DEOPT UNPACKING pc=0x0000017c3612993f sp=0x0000006de27fe670 mode 0

Classes unloaded (0 events):
No events

Classes redefined (0 events):
No events

Internal exceptions (20 events):
Event: 4.398 Thread 0x0000017c2dbe9000 Exception <a 'java/lang/ClassNotFoundException'{0x00000000a8ef3c00}: EditorPane> (0x00000000a8ef3c00) 
thrown [t:/workspace/open/src/hotspot/share/classfile/systemDictionary.cpp, line 232]
Event: 4.399 Thread 0x0000017c2dbe9000 Exception <a 'java/lang/ClassNotFoundException'{0x00000000a8ef4560}: ToolBar> (0x00000000a8ef4560) 
thrown [t:/workspace/open/src/hotspot/share/classfile/systemDictionary.cpp, line 232]
Event: 4.399 Thread 0x0000017c2dbe9000 Exception <a 'java/lang/ClassNotFoundException'{0x00000000a8ef4a58}: ToolBar> (0x00000000a8ef4a58) 
thrown [t:/workspace/open/src/hotspot/share/classfile/systemDictionary.cpp, line 232]
Event: 4.399 Thread 0x0000017c2dbe9000 Exception <a 'java/lang/ClassNotFoundException'{0x00000000a8ef4db8}: Button> (0x00000000a8ef4db8) 
thrown [t:/workspace/open/src/hotspot/share/classfile/systemDictionary.cpp, line 232]
Event: 4.399 Thread 0x0000017c2dbe9000 Exception <a 'java/lang/ClassNotFoundException'{0x00000000a8ef5280}: ToolBar> (0x00000000a8ef5280) 
thrown [t:/workspace/open/src/hotspot/share/classfile/systemDictionary.cpp, line 232]
Event: 4.399 Thread 0x0000017c2dbe9000 Exception <a 'java/lang/ClassNotFoundException'{0x00000000a8ef55f0}: ToggleButton> (0x00000000a8ef55f0) 
thrown [t:/workspace/open/src/hotspot/share/classfile/systemDictionary.cpp, line 232]
Event: 4.399 Thread 0x0000017c2dbe9000 Exception <a 'java/lang/ClassNotFoundException'{0x00000000a8ef5a30}: javax/swing/JToolBarSeparator> (0x00000000a8ef5a30) 
thrown [t:/workspace/open/src/hotspot/share/classfile/systemDictionary.cpp, line 232]
Event: 4.399 Thread 0x0000017c2dbe9000 Exception <a 'java/lang/ClassNotFoundException'{0x00000000a8ef5d38}: ToolBarSeparator> (0x00000000a8ef5d38) 
thrown [t:/workspace/open/src/hotspot/share/classfile/systemDictionary.cpp, line 232]
Event: 4.400 Thread 0x0000017c2dbe9000 Exception <a 'java/lang/ClassNotFoundException'{0x00000000a8ef6250}: ToolTip> (0x00000000a8ef6250) 
thrown [t:/workspace/open/src/hotspot/share/classfile/systemDictionary.cpp, line 232]
Event: 4.402 Thread 0x0000017c2dbe9000 Exception <a 'java/lang/ClassNotFoundException'{0x00000000a8ef6ba0}: Tree> (0x00000000a8ef6ba0) 
thrown [t:/workspace/open/src/hotspot/share/classfile/systemDictionary.cpp, line 232]
Event: 4.403 Thread 0x0000017c2dbe9000 Exception <a 'java/lang/ClassNotFoundException'{0x00000000a8ef7098}: Tree> (0x00000000a8ef7098) 
thrown [t:/workspace/open/src/hotspot/share/classfile/systemDictionary.cpp, line 232]
Event: 4.403 Thread 0x0000017c2dbe9000 Exception <a 'java/lang/ClassNotFoundException'{0x00000000a8ef7408}: javax/swing/JTreeCell> (0x00000000a8ef7408) 
thrown [t:/workspace/open/src/hotspot/share/classfile/systemDictionary.cpp, line 232]
Event: 4.403 Thread 0x0000017c2dbe9000 Exception <a 'java/lang/ClassNotFoundException'{0x00000000a8ef7708}: TreeCell> (0x00000000a8ef7708) 
thrown [t:/workspace/open/src/hotspot/share/classfile/systemDictionary.cpp, line 232]
Event: 4.404 Thread 0x0000017c2dbe9000 Exception <a 'java/lang/ClassNotFoundException'{0x00000000a8ef7ec8}: RootPane> (0x00000000a8ef7ec8) 
thrown [t:/workspace/open/src/hotspot/share/classfile/systemDictionary.cpp, line 232]
Event: 4.445 Thread 0x0000017c2dbe9000 Exception <a 'java/lang/ClassNotFoundException'{0x00000000a8efacf8}: com/sun/swing/internal/plaf/metal/resources/spi/metalProvider> (0x00000000a8efacf8) 
thrown [t:/workspace/open/src/hotspot/share/classfile/systemDictionary.cpp, line 232]
Event: 4.447 Thread 0x0000017c2dbe9000 Exception <a 'java/lang/ClassNotFoundException'{0x00000000a8efec28}: com/sun/swing/internal/plaf/basic/resources/spi/basicProvider> (0x00000000a8efec28) 
thrown [t:/workspace/open/src/hotspot/share/classfile/systemDictionary.cpp, line 232]
Event: 4.641 Thread 0x0000017c4bad3000 Exception <a 'java/lang/ClassNotFoundException'{0x00000000a8d64830}: com/sun/swing/internal/plaf/synth/resources/spi/synthProvider> (0x00000000a8d64830) 
thrown [t:/workspace/open/src/hotspot/share/classfile/systemDictionary.cpp, line 232]
Event: 6.296 Thread 0x0000017c4bad3000 Exception <a 'java/lang/NoSuchMethodError'{0x00000000a8c77aa8}: 'void java.lang.invoke.DirectMethodHandle$Holder.invokeStaticInit(java.lang.Object)'> (0x00000000a8c77aa8) 
thrown [t:/workspace/open/src/hotspot/share/interpreter/linkResolver.cpp, line 767]
Event: 6.350 Thread 0x0000017c4bad3000 Exception <a 'java/lang/NoSuchMethodError'{0x00000000a8be7c40}: 'java.lang.Object java.lang.invoke.Invokers$Holder.linkToTargetMethod(java.lang.Object, int, java.lang.Object)'> (0x00000000a8be7c40) 
thrown [t:/workspace/open/src/hotspot/share/interpreter/linkResolver.cpp, line 767]
Event: 12.080 Thread 0x0000017c4bb4b800 Exception <a 'java/io/FileNotFoundException'{0x00000000a8799760}> (0x00000000a8799760) 
thrown [t:/workspace/open/src/hotspot/share/prims/jni.cpp, line 598]

Events (20 events):
Event: 16.152 loading class LoginProdi
Event: 16.152 loading class LoginProdi done
Event: 16.155 loading class LoginProdi$1
Event: 16.155 loading class LoginProdi$1 done
Event: 16.155 Executing VM operation: BulkRevokeBias
Event: 16.156 Executing VM operation: BulkRevokeBias done
Event: 16.156 Executing VM operation: RevokeBias
Event: 16.157 Executing VM operation: RevokeBias done
Event: 16.456 Executing VM operation: RevokeBias
Event: 16.456 Executing VM operation: RevokeBias done
Event: 16.456 Executing VM operation: RevokeBias
Event: 16.456 Executing VM operation: RevokeBias done
Event: 16.487 Executing VM operation: RevokeBias
Event: 16.487 Executing VM operation: RevokeBias done
Event: 16.488 Executing VM operation: RevokeBias
Event: 16.488 Executing VM operation: RevokeBias done
Event: 16.491 Executing VM operation: RevokeBias
Event: 16.491 Executing VM operation: RevokeBias done
Event: 16.491 Executing VM operation: RevokeBias
Event: 16.492 Executing VM operation: RevokeBias done


Dynamic libraries:
0x00007ff684c00000 - 0x00007ff684c0f000 	C:\Program Files\Java\jdk-13.0.1\bin\javaw.exe
0x00007fff084a0000 - 0x00007fff08690000 	C:\WINDOWS\SYSTEM32\ntdll.dll
0x00007fff072c0000 - 0x00007fff07372000 	C:\WINDOWS\System32\KERNEL32.DLL
0x00007fff05750000 - 0x00007fff059f3000 	C:\WINDOWS\System32\KERNELBASE.dll
0x00007fff03510000 - 0x00007fff0359f000 	C:\WINDOWS\SYSTEM32\apphelp.dll
0x00007fff055d0000 - 0x00007fff056ca000 	C:\WINDOWS\System32\ucrtbase.dll
0x00007fff01b80000 - 0x00007fff01b95000 	C:\Program Files\Java\jdk-13.0.1\bin\VCRUNTIME140.dll
0x00007ffefde00000 - 0x00007ffefde18000 	C:\Program Files\Java\jdk-13.0.1\bin\jli.dll
0x00007fff06af0000 - 0x00007fff06b93000 	C:\WINDOWS\System32\ADVAPI32.dll
0x00007fff07d40000 - 0x00007fff07dde000 	C:\WINDOWS\System32\msvcrt.dll
0x00007fff07ca0000 - 0x00007fff07d37000 	C:\WINDOWS\System32\sechost.dll
0x00007fff07b10000 - 0x00007fff07c30000 	C:\WINDOWS\System32\RPCRT4.dll
0x00007fff06550000 - 0x00007fff066e4000 	C:\WINDOWS\System32\USER32.dll
0x00007fff06420000 - 0x00007fff06441000 	C:\WINDOWS\System32\win32u.dll
0x00007ffef3740000 - 0x00007ffef39c5000 	C:\WINDOWS\WinSxS\amd64_microsoft.windows.common-controls_6595b64144ccf1df_6.0.18362.418_none_e6c6b287130d565d\COMCTL32.dll
0x00007fff07380000 - 0x00007fff073a6000 	C:\WINDOWS\System32\GDI32.dll
0x00007fff07e90000 - 0x00007fff081c6000 	C:\WINDOWS\System32\combase.dll
0x00007fff05430000 - 0x00007fff055c4000 	C:\WINDOWS\System32\gdi32full.dll
0x00007fff05a00000 - 0x00007fff05a9e000 	C:\WINDOWS\System32\msvcp_win.dll
0x00007fff056d0000 - 0x00007fff05750000 	C:\WINDOWS\System32\bcryptPrimitives.dll
0x00007ffef7e80000 - 0x00007ffef7e8a000 	C:\WINDOWS\SYSTEM32\VERSION.dll
0x00007fff07ae0000 - 0x00007fff07b0e000 	C:\WINDOWS\System32\IMM32.DLL
0x00007ffef8e20000 - 0x00007ffef8ebb000 	C:\Program Files\Java\jdk-13.0.1\bin\msvcp140.dll
0x00007ffedfcf0000 - 0x00007ffee0856000 	C:\Program Files\Java\jdk-13.0.1\bin\server\jvm.dll
0x00007fff073b0000 - 0x00007fff073b8000 	C:\WINDOWS\System32\PSAPI.DLL
0x00007fff02030000 - 0x00007fff02054000 	C:\WINDOWS\SYSTEM32\WINMM.dll
0x00007ffef26e0000 - 0x00007ffef26e9000 	C:\WINDOWS\SYSTEM32\WSOCK32.dll
0x00007fff07c30000 - 0x00007fff07c9f000 	C:\WINDOWS\System32\WS2_32.dll
0x00007fff02000000 - 0x00007fff0202d000 	C:\WINDOWS\SYSTEM32\winmmbase.dll
0x00007fff06480000 - 0x00007fff064ca000 	C:\WINDOWS\System32\cfgmgr32.dll
0x00007fff053f0000 - 0x00007fff05401000 	C:\WINDOWS\System32\kernel.appcore.dll
0x00007fff01c30000 - 0x00007fff01c40000 	C:\Program Files\Java\jdk-13.0.1\bin\verify.dll
0x00007ffef8110000 - 0x00007ffef8304000 	C:\WINDOWS\SYSTEM32\DBGHELP.DLL
0x00007ffef24d0000 - 0x00007ffef24fa000 	C:\WINDOWS\SYSTEM32\dbgcore.DLL
0x00007fff01b50000 - 0x00007fff01b76000 	C:\Program Files\Java\jdk-13.0.1\bin\java.dll
0x00007ffefe1e0000 - 0x00007ffefe1f7000 	C:\Program Files\Java\jdk-13.0.1\bin\zip.dll
0x00007ffeffdb0000 - 0x00007ffeffdba000 	C:\Program Files\Java\jdk-13.0.1\bin\jimage.dll
0x00007fff073c0000 - 0x00007fff07aa5000 	C:\WINDOWS\System32\SHELL32.dll
0x00007fff07de0000 - 0x00007fff07e89000 	C:\WINDOWS\System32\shcore.dll
0x00007fff05b50000 - 0x00007fff062cf000 	C:\WINDOWS\System32\windows.storage.dll
0x00007fff05410000 - 0x00007fff0542f000 	C:\WINDOWS\System32\profapi.dll
0x00007fff05380000 - 0x00007fff053ca000 	C:\WINDOWS\System32\powrprof.dll
0x00007fff05370000 - 0x00007fff05380000 	C:\WINDOWS\System32\UMPDC.dll
0x00007fff06a80000 - 0x00007fff06ad2000 	C:\WINDOWS\System32\shlwapi.dll
0x00007fff064d0000 - 0x00007fff064e7000 	C:\WINDOWS\System32\cryptsp.dll
0x00007ffefdfa0000 - 0x00007ffefdfb9000 	C:\Program Files\Java\jdk-13.0.1\bin\net.dll
0x00007ffefb3f0000 - 0x00007ffefb4e0000 	C:\WINDOWS\SYSTEM32\WINHTTP.dll
0x00007fff04be0000 - 0x00007fff04c47000 	C:\WINDOWS\system32\mswsock.dll
0x00007ffefdf80000 - 0x00007ffefdf93000 	C:\Program Files\Java\jdk-13.0.1\bin\nio.dll
0x00007ffeefdb0000 - 0x00007ffeeff49000 	C:\Program Files\Java\jdk-13.0.1\bin\awt.dll
0x00007fff06950000 - 0x00007fff06a14000 	C:\WINDOWS\System32\OLEAUT32.dll
0x00007fff02130000 - 0x00007fff026f0000 	C:\WINDOWS\SYSTEM32\d2d1.dll
0x00007fff036f0000 - 0x00007fff03789000 	C:\WINDOWS\system32\uxtheme.dll
0x00007fff082a0000 - 0x00007fff083d6000 	C:\WINDOWS\System32\MSCTF.dll
0x00007fff06ba0000 - 0x00007fff06cf6000 	C:\WINDOWS\System32\ole32.dll
0x00007fff03cd0000 - 0x00007fff03cfd000 	C:\WINDOWS\system32\DWMAPI.DLL
0x00007ffefb130000 - 0x00007ffefb1b2000 	C:\Program Files\Java\jdk-13.0.1\bin\freetype.dll
0x00007ffef3da0000 - 0x00007ffef3e46000 	C:\Program Files\Java\jdk-13.0.1\bin\fontmanager.dll
0x00007ffeefc50000 - 0x00007ffeefda6000 	C:\WINDOWS\system32\opengl32.dll
0x00007ffefdf50000 - 0x00007ffefdf7c000 	C:\WINDOWS\SYSTEM32\GLU32.dll
0x00007fff03fe0000 - 0x00007fff04000000 	C:\WINDOWS\SYSTEM32\dxcore.dll
0x00007ffef7d60000 - 0x00007ffef7dfe000 	C:\WINDOWS\System32\TextInputFramework.dll
0x00007fff009a0000 - 0x00007fff00cca000 	C:\WINDOWS\System32\CoreUIComponents.dll
0x00007fff043d0000 - 0x00007fff04401000 	C:\WINDOWS\SYSTEM32\ntmarta.dll
0x00007fff00f60000 - 0x00007fff010b3000 	C:\WINDOWS\SYSTEM32\wintypes.dll
0x00007fff03300000 - 0x00007fff033d4000 	C:\WINDOWS\System32\CoreMessaging.dll
0x00007ffef6380000 - 0x00007ffef6626000 	C:\WINDOWS\System32\iertutil.dll
0x00007fff068a0000 - 0x00007fff06942000 	C:\WINDOWS\System32\clbcatq.dll
0x00007fff007f0000 - 0x00007fff0099f000 	C:\WINDOWS\SYSTEM32\WindowsCodecs.dll
0x00007ffeeaea0000 - 0x00007ffeeaeda000 	C:\WINDOWS\system32\dataexchange.dll
0x00007fff02db0000 - 0x00007fff02f8b000 	C:\WINDOWS\system32\dcomp.dll
0x00007fff026f0000 - 0x00007fff0294b000 	C:\WINDOWS\system32\d3d11.dll
0x00007fff04070000 - 0x00007fff0415b000 	C:\WINDOWS\system32\dxgi.dll
0x00007fff037d0000 - 0x00007fff03a2a000 	C:\WINDOWS\system32\twinapi.appcore.dll
0x00007fff03be0000 - 0x00007fff03c09000 	C:\WINDOWS\system32\RMCLIENT.dll

dbghelp: loaded successfully - version: 4.0.5 - missing functions: none
symbol engine: initialized successfully - sym options: 0x614 - pdb path: .;C:\Program Files\Java\jdk-13.0.1\bin;C:\WINDOWS\SYSTEM32;C:\WINDOWS\WinSxS\amd64_microsoft.windows.common-controls_6595b64144ccf1df_6.0.18362.418_none_e6c6b287130d565d;C:\Program Files\Java\jdk-13.0.1\bin\server

VM Arguments:
java_command: C:\Users\Ajeng\Documents\NetBeansProjects\TugasAkhir\dist\GUI.jar
java_class_path (initial): C:\Users\Ajeng\Documents\NetBeansProjects\TugasAkhir\dist\GUI.jar
Launcher Type: SUN_STANDARD

[Global flags]
     intx CICompilerCount                          = 3                                         {product} {ergonomic}
     uint ConcGCThreads                            = 1                                         {product} {ergonomic}
     uint G1ConcRefinementThreads                  = 4                                         {product} {ergonomic}
   size_t G1HeapRegionSize                         = 1048576                                   {product} {ergonomic}
    uintx GCDrainStackTargetSize                   = 64                                        {product} {ergonomic}
   size_t InitialHeapSize                          = 98566144                                  {product} {ergonomic}
   size_t MarkStackSize                            = 4194304                                   {product} {ergonomic}
   size_t MaxHeapSize                              = 1556086784                                {product} {ergonomic}
   size_t MaxNewSize                               = 933232640                                 {product} {ergonomic}
   size_t MinHeapDeltaBytes                        = 1048576                                   {product} {ergonomic}
   size_t MinHeapSize                              = 8388608                                   {product} {ergonomic}
    uintx NonNMethodCodeHeapSize                   = 5830732                                {pd product} {ergonomic}
    uintx NonProfiledCodeHeapSize                  = 122913754                              {pd product} {ergonomic}
    uintx ProfiledCodeHeapSize                     = 122913754                              {pd product} {ergonomic}
    uintx ReservedCodeCacheSize                    = 251658240                              {pd product} {ergonomic}
     bool SegmentedCodeCache                       = true                                      {product} {ergonomic}
   size_t SoftMaxHeapSize                          = 1556086784                             {manageable} {ergonomic}
     bool UseCompressedClassPointers               = true                                 {lp64_product} {ergonomic}
     bool UseCompressedOops                        = true                                 {lp64_product} {ergonomic}
     bool UseG1GC                                  = true                                      {product} {ergonomic}
     bool UseLargePagesIndividualAllocation        = false                                  {pd product} {ergonomic}

Logging:
Log output configuration:
 #0: stdout all=warning uptime,level,tags
 #1: stderr all=off uptime,level,tags

Environment Variables:
PATH=C:\WINDOWS\system32;C:\WINDOWS;C:\WINDOWS\System32\Wbem;C:\WINDOWS\System32\WindowsPowerShell\v1.0\;C:\WINDOWS\System32\OpenSSH\;C:\Program Files\MySQL\MySQL Shell 8.0\bin\;C:\Users\Ajeng\AppData\Local\Microsoft\WindowsApps;
USERNAME=Ajeng
OS=Windows_NT
PROCESSOR_IDENTIFIER=Intel64 Family 6 Model 37 Stepping 5, GenuineIntel



---------------  S Y S T E M  ---------------

OS: Windows 10 , 64 bit Build 18362 (10.0.18362.329)

CPU:total 4 (initial active 4) (2 cores per cpu, 2 threads per core) family 6 model 37 stepping 5, cmov, cx8, fxsr, mmx, sse, sse2, sse3, ssse3, sse4.1, sse4.2, popcnt, aes, clmul, ht, tsc, tscinvbit

Memory: 4k page, system-wide physical 5935M (322M free)
TotalPageFile size 5935M (AvailPageFile size 12M)
current process WorkingSet (physical memory assigned to process): 92M, peak: 92M
current process commit charge ("private bytes"): 194M, peak: 195M

vm_info: Java HotSpot(TM) 64-Bit Server VM (13.0.1+9) for windows-amd64 JRE (13.0.1+9), built on Oct  6 2019 12:37:49 by "mach5one" with unknown MS VC++:1916

END.
